07-25 14:35:15.326 [main] INFO  three_exception.log4j_practice.Main
Create Person Xiao Ming

07-25 14:35:15.330 [main] INFO  three_exception.log4j_practice.Main
call hello(): Hello, Xiao Ming

07-25 14:35:15.330 [main] ERROR three_exception.log4j_practice.Main
Error when create person.

java.lang.IllegalArgumentException: name is null.
	at three_exception.log4j_practice.Person.<init>(Person.java:9) ~[javaprojects/:?]
	at three_exception.log4j_practice.Main.main(Main.java:15) [javaprojects/:?]
07-25 14:35:15.334 [main] INFO  three_exception.log4j_practice.Main
Program end.

07-25 15:01:02.087 [main] INFO  three_exception.log4j_practice.Main
Create Person Xiao Ming

07-25 15:01:02.089 [main] INFO  three_exception.log4j_practice.Main
call hello(): Hello, Xiao Ming

07-25 15:01:02.089 [main] ERROR three_exception.log4j_practice.Main
Error when create person.

java.lang.IllegalArgumentException: name is null.
	at three_exception.log4j_practice.Person.<init>(Person.java:9) ~[javaprojects/:?]
	at three_exception.log4j_practice.Main.main(Main.java:15) [javaprojects/:?]
07-25 15:01:02.093 [main] INFO  three_exception.log4j_practice.Main
Program end.

